c:\users\paul.volavsek\private\fh\kuf\mme2019\protocol\debug\protocol.pdb
c:\users\paul.volavsek\private\fh\kuf\mme2019\protocol\debug\protocol.idb
c:\users\paul.volavsek\private\fh\kuf\mme2019\protocol\debug\protocol.obj
c:\users\paul.volavsek\private\fh\kuf\mme2019\debug\protocol.lib
c:\users\paul.volavsek\private\fh\kuf\mme2019\protocol\debug\protocol.new.obj.enc
c:\users\paul.volavsek\private\fh\kuf\mme2019\protocol\debug\protocol.obj.enc
c:\users\paul.volavsek\private\fh\kuf\mme2019\protocol\debug\vc142.idb
c:\users\paul.volavsek\private\fh\kuf\mme2019\protocol\debug\vc142.pdb
c:\users\paul.volavsek\private\fh\kuf\mme2019\protocol\debug\protocol.tlog\cl.command.1.tlog
c:\users\paul.volavsek\private\fh\kuf\mme2019\protocol\debug\protocol.tlog\cl.read.1.tlog
c:\users\paul.volavsek\private\fh\kuf\mme2019\protocol\debug\protocol.tlog\cl.write.1.tlog
c:\users\paul.volavsek\private\fh\kuf\mme2019\protocol\debug\protocol.tlog\lib-link.read.1.tlog
c:\users\paul.volavsek\private\fh\kuf\mme2019\protocol\debug\protocol.tlog\lib-link.write.1.tlog
c:\users\paul.volavsek\private\fh\kuf\mme2019\protocol\debug\protocol.tlog\lib.command.1.tlog
c:\users\paul.volavsek\private\fh\kuf\mme2019\protocol\debug\protocol.tlog\link-cvtres.read.1.tlog
c:\users\paul.volavsek\private\fh\kuf\mme2019\protocol\debug\protocol.tlog\link-cvtres.write.1.tlog
c:\users\paul.volavsek\private\fh\kuf\mme2019\protocol\debug\protocol.tlog\link-rc.read.1.tlog
c:\users\paul.volavsek\private\fh\kuf\mme2019\protocol\debug\protocol.tlog\link-rc.write.1.tlog
c:\users\paul.volavsek\private\fh\kuf\mme2019\protocol\debug\protocol.tlog\link.command.1.tlog
c:\users\paul.volavsek\private\fh\kuf\mme2019\protocol\debug\protocol.tlog\link.read.1.tlog
c:\users\paul.volavsek\private\fh\kuf\mme2019\protocol\debug\protocol.tlog\link.write.1.tlog
